[debug] [2024-12-23T10:40:19.759Z] ----------------------------------------------------------------------
[debug] [2024-12-23T10:40:19.762Z] Command:       C:\Program Files\nodejs\node.exe C:\Users\HI\AppData\Roaming\npm\node_modules\firebase-tools\lib\bin\firebase.js deploy
[debug] [2024-12-23T10:40:19.763Z] CLI Version:   13.29.1
[debug] [2024-12-23T10:40:19.763Z] Platform:      win32
[debug] [2024-12-23T10:40:19.763Z] Node Version:  v20.18.0
[debug] [2024-12-23T10:40:19.764Z] Time:          Mon Dec 23 2024 16:10:19 GMT+0530 (India Standard Time)
[debug] [2024-12-23T10:40:19.764Z] ----------------------------------------------------------------------
[debug] 
[debug] [2024-12-23T10:40:19.867Z] > command requires scopes: ["email","openid","https://www.googleapis.com/auth/cloudplatformprojects.readonly","https://www.googleapis.com/auth/firebase","https://www.googleapis.com/auth/cloud-platform"]
[debug] [2024-12-23T10:40:19.867Z] > authorizing via signed-in user (saipraveen694@gmail.com)
[debug] [2024-12-23T10:40:19.868Z] [iam] checking project language-translator-1898f for permissions ["firebase.projects.get","firebasehosting.sites.update"]
[debug] [2024-12-23T10:40:19.871Z] Checked if tokens are valid: true, expires at: 1734952774802
[debug] [2024-12-23T10:40:19.871Z] Checked if tokens are valid: true, expires at: 1734952774802
[debug] [2024-12-23T10:40:19.875Z] >>> [apiv2][query] POST https://cloudresourcemanager.googleapis.com/v1/projects/language-translator-1898f:testIamPermissions [none]
[debug] [2024-12-23T10:40:19.875Z] >>> [apiv2][(partial)header] POST https://cloudresourcemanager.googleapis.com/v1/projects/language-translator-1898f:testIamPermissions x-goog-quota-user=projects/language-translator-1898f
[debug] [2024-12-23T10:40:19.875Z] >>> [apiv2][body] POST https://cloudresourcemanager.googleapis.com/v1/projects/language-translator-1898f:testIamPermissions {"permissions":["firebase.projects.get","firebasehosting.sites.update"]}
[debug] [2024-12-23T10:40:41.064Z] *** [apiv2] error from fetch(https://cloudresourcemanager.googleapis.com/v1/projects/language-translator-1898f:testIamPermissions, {"headers":{},"method":"POST","body":"{\"permissions\":[\"firebase.projects.get\",\"firebasehosting.sites.update\"]}"}): FetchError: request to https://cloudresourcemanager.googleapis.com/v1/projects/language-translator-1898f:testIamPermissions failed, reason: connect ETIMEDOUT 192.0.2.1:443
[debug] [2024-12-23T10:40:41.064Z] [iam] error while checking permissions, command may fail: Failed to make request to https://cloudresourcemanager.googleapis.com/v1/projects/language-translator-1898f:testIamPermissions
[debug] [2024-12-23T10:40:41.065Z] Checked if tokens are valid: true, expires at: 1734952774802
[debug] [2024-12-23T10:40:41.065Z] Checked if tokens are valid: true, expires at: 1734952774802
[debug] [2024-12-23T10:40:41.066Z] >>> [apiv2][query] GET https://firebase.googleapis.com/v1beta1/projects/language-translator-1898f [none]
[debug] [2024-12-23T10:41:02.136Z] *** [apiv2] error from fetch(https://firebase.googleapis.com/v1beta1/projects/language-translator-1898f, {"headers":{},"method":"GET","signal":{}}): FetchError: request to https://firebase.googleapis.com/v1beta1/projects/language-translator-1898f failed, reason: connect ETIMEDOUT 192.0.2.1:443
[debug] [2024-12-23T10:41:02.136Z] Failed to make request to https://firebase.googleapis.com/v1beta1/projects/language-translator-1898f (original: request to https://firebase.googleapis.com/v1beta1/projects/language-translator-1898f failed, reason: connect ETIMEDOUT 192.0.2.1:443)
[error] 
[error] Error: Assertion failed: resolving hosting target of a site with no site name or target name. This should have caused an error earlier
